[0.011s] Invoking command in '/home/leyla/Desktop/nexus_ws/src/build/ucb_interface': CMAKE_PREFIX_PATH=${CMAKE_PREFIX_PATH}:/home/leyla/Desktop/ver_ws/install/stage_ros2:/home/leyla/Desktop/ver_ws/install/robot_nav:/home/leyla/Desktop/ver_ws/install/navigation_tb3:/home/leyla/Desktop/ver_ws/install/cartographer_rviz:/home/leyla/Desktop/ver_ws/install/cartographer_ros:/home/leyla/Desktop/ver_ws/install/cartographer_ros_msgs:/home/leyla/Desktop/newvis_ws/install/panda_movet:/home/leyla/turtlebot3_ws/install/turtlebot3_teleop:/home/leyla/turtlebot3_ws/install/turtlebot3_example:/opt/ros/humble /usr/bin/cmake /home/leyla/Desktop/nexus_ws/src/ucb_interface -DCMAKE_INSTALL_PREFIX=/home/leyla/Desktop/nexus_ws/src/install/ucb_interface
[0.049s] -- The C compiler identification is GNU 11.4.0
[0.085s] -- The CXX compiler identification is GNU 11.4.0
[0.089s] -- Detecting C compiler ABI info
[0.130s] -- Detecting C compiler ABI info - done
[0.134s] -- Check for working C compiler: /usr/bin/cc - skipped
[0.135s] -- Detecting C compile features
[0.135s] -- Detecting C compile features - done
[0.136s] -- Detecting CXX compiler ABI info
[0.188s] -- Detecting CXX compiler ABI info - done
[0.195s] -- Check for working CXX compiler: /usr/bin/c++ - skipped
[0.195s] -- Detecting CXX compile features
[0.195s] -- Detecting CXX compile features - done
[0.195s] -- Found ament_cmake: 1.3.11 (/opt/ros/humble/share/ament_cmake/cmake)
[0.294s] -- Found Python3: /usr/bin/python3 (found version "3.10.12") found components: Interpreter 
[0.360s] -- Found geometry_msgs: 4.8.0 (/opt/ros/humble/share/geometry_msgs/cmake)
[0.389s] -- Found rosidl_generator_c: 3.1.6 (/opt/ros/humble/share/rosidl_generator_c/cmake)
[0.393s] -- Found rosidl_adapter: 3.1.6 (/opt/ros/humble/share/rosidl_adapter/cmake)
[0.400s] -- Found rosidl_generator_cpp: 3.1.6 (/opt/ros/humble/share/rosidl_generator_cpp/cmake)
[0.408s] -- Using all available rosidl_typesupport_c: rosidl_typesupport_fastrtps_c;rosidl_typesupport_introspection_c
[0.420s] -- Using all available rosidl_typesupport_cpp: rosidl_typesupport_fastrtps_cpp;rosidl_typesupport_introspection_cpp
[0.444s] -- Found rosidl_default_generators: 1.2.0 (/opt/ros/humble/share/rosidl_default_generators/cmake)
[0.562s] [31mCMake Error at /opt/ros/humble/share/rosidl_adapter/cmake/rosidl_adapt_interfaces.cmake:59 (message):
[0.562s]   execute_process(/usr/bin/python3 -m rosidl_adapter --package-name
[0.562s]   ucb_interface --arguments-file
[0.562s]   /home/leyla/Desktop/nexus_ws/src/build/ucb_interface/rosidl_adapter__arguments__ucb_interface.json
[0.562s]   --output-dir
[0.562s]   /home/leyla/Desktop/nexus_ws/src/build/ucb_interface/rosidl_adapter/ucb_interface
[0.562s]   --output-file
[0.562s]   /home/leyla/Desktop/nexus_ws/src/build/ucb_interface/rosidl_adapter/ucb_interface.idls)
[0.562s]   returned error code 1:
[0.563s] 
[0.563s]   Error processing 'bool guiñador_izquierdo' of 'ucb_interface/Actuador':
[0.563s]   ''guiñador_izquierdo' is an invalid field name.  It should have the
[0.563s]   pattern '^(?!.*__)(?!.*_$)[a-z][a-z0-9_]*$''
[0.563s] 
[0.563s]   Traceback (most recent call last):
[0.563s] 
[0.563s]     File "/usr/lib/python3.10/runpy.py", line 196, in _run_module_as_main
[0.563s]       return _run_code(code, main_globals, None,
[0.563s]     File "/usr/lib/python3.10/runpy.py", line 86, in _run_code
[0.563s]       exec(code, run_globals)
[0.563s]     File "/opt/ros/humble/local/lib/python3.10/dist-packages/rosidl_adapter/__main__.py", line 19, in <module>
[0.563s]       sys.exit(main())
[0.563s]     File "/opt/ros/humble/local/lib/python3.10/dist-packages/rosidl_adapter/main.py", line 53, in main
[0.563s]       abs_idl_file = convert_to_idl(
[0.563s]     File "/opt/ros/humble/local/lib/python3.10/dist-packages/rosidl_adapter/__init__.py", line 19, in convert_to_idl
[0.563s]       return convert_msg_to_idl(
[0.563s]     File "/opt/ros/humble/local/lib/python3.10/dist-packages/rosidl_adapter/msg/__init__.py", line 28, in convert_msg_to_idl
[0.563s]       msg = parse_message_string(package_name, input_file.stem, content)
[0.564s]     File "/opt/ros/humble/local/lib/python3.10/dist-packages/rosidl_adapter/parser.py", line 519, in parse_message_string
[0.564s]       fields.append(Field(
[0.564s]     File "/opt/ros/humble/local/lib/python3.10/dist-packages/rosidl_adapter/parser.py", line 354, in __init__
[0.564s]       raise NameError(
[0.564s] 
[0.564s]   NameError: 'guiñador_izquierdo' is an invalid field name.  It should have
[0.564s]   the pattern '^(?!.*__)(?!.*_$)[a-z][a-z0-9_]*$'
[0.564s] 
[0.564s] Call Stack (most recent call first):
[0.564s]   /opt/ros/humble/share/rosidl_cmake/cmake/rosidl_generate_interfaces.cmake:130 (rosidl_adapt_interfaces)
[0.564s]   CMakeLists.txt:15 (rosidl_generate_interfaces)
[0.564s] 
[0.564s] [0m
[0.564s] -- Configuring incomplete, errors occurred!
[0.564s] See also "/home/leyla/Desktop/nexus_ws/src/build/ucb_interface/CMakeFiles/CMakeOutput.log".
[0.569s] Invoked command in '/home/leyla/Desktop/nexus_ws/src/build/ucb_interface' returned '1': CMAKE_PREFIX_PATH=${CMAKE_PREFIX_PATH}:/home/leyla/Desktop/ver_ws/install/stage_ros2:/home/leyla/Desktop/ver_ws/install/robot_nav:/home/leyla/Desktop/ver_ws/install/navigation_tb3:/home/leyla/Desktop/ver_ws/install/cartographer_rviz:/home/leyla/Desktop/ver_ws/install/cartographer_ros:/home/leyla/Desktop/ver_ws/install/cartographer_ros_msgs:/home/leyla/Desktop/newvis_ws/install/panda_movet:/home/leyla/turtlebot3_ws/install/turtlebot3_teleop:/home/leyla/turtlebot3_ws/install/turtlebot3_example:/opt/ros/humble /usr/bin/cmake /home/leyla/Desktop/nexus_ws/src/ucb_interface -DCMAKE_INSTALL_PREFIX=/home/leyla/Desktop/nexus_ws/src/install/ucb_interface
