[0.052s] DEBUG:colcon:Command line arguments: ['/usr/bin/colcon', 'build']
[0.052s] DEBUG:colcon:Parsed command line arguments: Namespace(log_base=None, log_level=None, verb_name='build', build_base='build', install_base='install', merge_install=False, symlink_install=False, test_result_base=None, continue_on_error=False, executor='parallel', parallel_workers=20, event_handlers=None, ignore_user_meta=False, metas=['./colcon.meta'], base_paths=['.'], packages_ignore=None, packages_ignore_regex=None, paths=None, packages_up_to=None, packages_up_to_regex=None, packages_above=None, packages_above_and_dependencies=None, packages_above_depth=None, packages_select_by_dep=None, packages_skip_by_dep=None, packages_skip_up_to=None, packages_select_build_failed=False, packages_skip_build_finished=False, packages_select_test_failures=False, packages_skip_test_passed=False, packages_select=None, packages_skip=None, packages_select_regex=None, packages_skip_regex=None, packages_start=None, packages_end=None, allow_overriding=[], cmake_args=None, cmake_target=None, cmake_target_skip_unavailable=False, cmake_clean_cache=False, cmake_clean_first=False, cmake_force_configure=False, ament_cmake_args=None, catkin_cmake_args=None, catkin_skip_building_tests=False, verb_parser=<colcon_defaults.argument_parser.defaults.DefaultArgumentsDecorator object at 0x7ac5a1166ad0>, verb_extension=<colcon_core.verb.build.BuildVerb object at 0x7ac5a1165d20>, main=<bound method BuildVerb.main of <colcon_core.verb.build.BuildVerb object at 0x7ac5a1165d20>>)
[0.141s] Level 1:colcon.colcon_core.package_discovery:discover_packages(colcon_meta) check parameters
[0.141s] Level 1:colcon.colcon_core.package_discovery:discover_packages(recursive) check parameters
[0.141s] Level 1:colcon.colcon_core.package_discovery:discover_packages(ignore) check parameters
[0.141s] Level 1:colcon.colcon_core.package_discovery:discover_packages(path) check parameters
[0.141s] Level 1:colcon.colcon_core.package_discovery:discover_packages(colcon_meta) discover
[0.141s] Level 1:colcon.colcon_core.package_discovery:discover_packages(recursive) discover
[0.141s] INFO:colcon.colcon_core.package_discovery:Crawling recursively for packages in '/home/leyla/Desktop/nexus_ws/src'
[0.141s] Level 1:colcon.colcon_core.package_identification:_identify(.) by extensions ['ignore', 'ignore_ament_install']
[0.141s] Level 1:colcon.colcon_core.package_identification:_identify(.) by extension 'ignore'
[0.141s] Level 1:colcon.colcon_core.package_identification:_identify(.) by extension 'ignore_ament_install'
[0.142s] Level 1:colcon.colcon_core.package_identification:_identify(.) by extensions ['colcon_pkg']
[0.142s] Level 1:colcon.colcon_core.package_identification:_identify(.) by extension 'colcon_pkg'
[0.142s] Level 1:colcon.colcon_core.package_identification:_identify(.) by extensions ['colcon_meta']
[0.142s] Level 1:colcon.colcon_core.package_identification:_identify(.) by extension 'colcon_meta'
[0.142s] Level 1:colcon.colcon_core.package_identification:_identify(.) by extensions ['ros']
[0.142s] Level 1:colcon.colcon_core.package_identification:_identify(.) by extension 'ros'
[0.148s] Level 1:colcon.colcon_core.package_identification:_identify(.) by extensions ['cmake', 'python']
[0.148s] Level 1:colcon.colcon_core.package_identification:_identify(.) by extension 'cmake'
[0.148s] Level 1:colcon.colcon_core.package_identification:_identify(.) by extension 'python'
[0.148s] Level 1:colcon.colcon_core.package_identification:_identify(.) by extensions ['python_setup_py']
[0.148s] Level 1:colcon.colcon_core.package_identification:_identify(.) by extension 'python_setup_py'
[0.148s] Level 1:colcon.colcon_core.package_identification:_identify(build) by extensions ['ignore', 'ignore_ament_install']
[0.148s] Level 1:colcon.colcon_core.package_identification:_identify(build) by extension 'ignore'
[0.148s] Level 1:colcon.colcon_core.package_identification:_identify(build) ignored
[0.148s] Level 1:colcon.colcon_core.package_identification:_identify(code_py) by extensions ['ignore', 'ignore_ament_install']
[0.148s] Level 1:colcon.colcon_core.package_identification:_identify(code_py) by extension 'ignore'
[0.148s] Level 1:colcon.colcon_core.package_identification:_identify(code_py) by extension 'ignore_ament_install'
[0.148s] Level 1:colcon.colcon_core.package_identification:_identify(code_py) by extensions ['colcon_pkg']
[0.148s] Level 1:colcon.colcon_core.package_identification:_identify(code_py) by extension 'colcon_pkg'
[0.148s] Level 1:colcon.colcon_core.package_identification:_identify(code_py) by extensions ['colcon_meta']
[0.148s] Level 1:colcon.colcon_core.package_identification:_identify(code_py) by extension 'colcon_meta'
[0.148s] Level 1:colcon.colcon_core.package_identification:_identify(code_py) by extensions ['ros']
[0.148s] Level 1:colcon.colcon_core.package_identification:_identify(code_py) by extension 'ros'
[0.150s] DEBUG:colcon.colcon_core.package_identification:Package 'code_py' with type 'ros.ament_python' and name 'code_py'
[0.150s] Level 1:colcon.colcon_core.package_identification:_identify(install) by extensions ['ignore', 'ignore_ament_install']
[0.150s] Level 1:colcon.colcon_core.package_identification:_identify(install) by extension 'ignore'
[0.150s] Level 1:colcon.colcon_core.package_identification:_identify(install) ignored
[0.150s] Level 1:colcon.colcon_core.package_identification:_identify(log) by extensions ['ignore', 'ignore_ament_install']
[0.150s] Level 1:colcon.colcon_core.package_identification:_identify(log) by extension 'ignore'
[0.150s] Level 1:colcon.colcon_core.package_identification:_identify(log) ignored
[0.150s] Level 1:colcon.colcon_core.package_identification:_identify(rosbridge_suite) by extensions ['ignore', 'ignore_ament_install']
[0.150s] Level 1:colcon.colcon_core.package_identification:_identify(rosbridge_suite) by extension 'ignore'
[0.150s] Level 1:colcon.colcon_core.package_identification:_identify(rosbridge_suite) by extension 'ignore_ament_install'
[0.150s] Level 1:colcon.colcon_core.package_identification:_identify(rosbridge_suite) by extensions ['colcon_pkg']
[0.150s] Level 1:colcon.colcon_core.package_identification:_identify(rosbridge_suite) by extension 'colcon_pkg'
[0.150s] Level 1:colcon.colcon_core.package_identification:_identify(rosbridge_suite) by extensions ['colcon_meta']
[0.150s] Level 1:colcon.colcon_core.package_identification:_identify(rosbridge_suite) by extension 'colcon_meta'
[0.150s] Level 1:colcon.colcon_core.package_identification:_identify(rosbridge_suite) by extensions ['ros']
[0.150s] Level 1:colcon.colcon_core.package_identification:_identify(rosbridge_suite) by extension 'ros'
[0.150s] Level 1:colcon.colcon_core.package_identification:_identify(rosbridge_suite) by extensions ['cmake', 'python']
[0.150s] Level 1:colcon.colcon_core.package_identification:_identify(rosbridge_suite) by extension 'cmake'
[0.150s] Level 1:colcon.colcon_core.package_identification:_identify(rosbridge_suite) by extension 'python'
[0.150s] Level 1:colcon.colcon_core.package_identification:_identify(rosbridge_suite) by extensions ['python_setup_py']
[0.150s] Level 1:colcon.colcon_core.package_identification:_identify(rosbridge_suite) by extension 'python_setup_py'
[0.150s] Level 1:colcon.colcon_core.package_identification:_identify(rosbridge_suite/rosapi) by extensions ['ignore', 'ignore_ament_install']
[0.150s] Level 1:colcon.colcon_core.package_identification:_identify(rosbridge_suite/rosapi) by extension 'ignore'
[0.150s] Level 1:colcon.colcon_core.package_identification:_identify(rosbridge_suite/rosapi) by extension 'ignore_ament_install'
[0.150s] Level 1:colcon.colcon_core.package_identification:_identify(rosbridge_suite/rosapi) by extensions ['colcon_pkg']
[0.150s] Level 1:colcon.colcon_core.package_identification:_identify(rosbridge_suite/rosapi) by extension 'colcon_pkg'
[0.150s] Level 1:colcon.colcon_core.package_identification:_identify(rosbridge_suite/rosapi) by extensions ['colcon_meta']
[0.150s] Level 1:colcon.colcon_core.package_identification:_identify(rosbridge_suite/rosapi) by extension 'colcon_meta'
[0.150s] Level 1:colcon.colcon_core.package_identification:_identify(rosbridge_suite/rosapi) by extensions ['ros']
[0.150s] Level 1:colcon.colcon_core.package_identification:_identify(rosbridge_suite/rosapi) by extension 'ros'
[0.151s] DEBUG:colcon.colcon_core.package_identification:Package 'rosbridge_suite/rosapi' with type 'ros.ament_cmake' and name 'rosapi'
[0.151s] Level 1:colcon.colcon_core.package_identification:_identify(rosbridge_suite/rosapi_msgs) by extensions ['ignore', 'ignore_ament_install']
[0.151s] Level 1:colcon.colcon_core.package_identification:_identify(rosbridge_suite/rosapi_msgs) by extension 'ignore'
[0.152s] Level 1:colcon.colcon_core.package_identification:_identify(rosbridge_suite/rosapi_msgs) by extension 'ignore_ament_install'
[0.152s] Level 1:colcon.colcon_core.package_identification:_identify(rosbridge_suite/rosapi_msgs) by extensions ['colcon_pkg']
[0.152s] Level 1:colcon.colcon_core.package_identification:_identify(rosbridge_suite/rosapi_msgs) by extension 'colcon_pkg'
[0.152s] Level 1:colcon.colcon_core.package_identification:_identify(rosbridge_suite/rosapi_msgs) by extensions ['colcon_meta']
[0.152s] Level 1:colcon.colcon_core.package_identification:_identify(rosbridge_suite/rosapi_msgs) by extension 'colcon_meta'
[0.152s] Level 1:colcon.colcon_core.package_identification:_identify(rosbridge_suite/rosapi_msgs) by extensions ['ros']
[0.152s] Level 1:colcon.colcon_core.package_identification:_identify(rosbridge_suite/rosapi_msgs) by extension 'ros'
[0.152s] DEBUG:colcon.colcon_core.package_identification:Package 'rosbridge_suite/rosapi_msgs' with type 'ros.ament_cmake' and name 'rosapi_msgs'
[0.152s] Level 1:colcon.colcon_core.package_identification:_identify(rosbridge_suite/rosbridge_library) by extensions ['ignore', 'ignore_ament_install']
[0.152s] Level 1:colcon.colcon_core.package_identification:_identify(rosbridge_suite/rosbridge_library) by extension 'ignore'
[0.152s] Level 1:colcon.colcon_core.package_identification:_identify(rosbridge_suite/rosbridge_library) by extension 'ignore_ament_install'
[0.152s] Level 1:colcon.colcon_core.package_identification:_identify(rosbridge_suite/rosbridge_library) by extensions ['colcon_pkg']
[0.152s] Level 1:colcon.colcon_core.package_identification:_identify(rosbridge_suite/rosbridge_library) by extension 'colcon_pkg'
[0.152s] Level 1:colcon.colcon_core.package_identification:_identify(rosbridge_suite/rosbridge_library) by extensions ['colcon_meta']
[0.152s] Level 1:colcon.colcon_core.package_identification:_identify(rosbridge_suite/rosbridge_library) by extension 'colcon_meta'
[0.152s] Level 1:colcon.colcon_core.package_identification:_identify(rosbridge_suite/rosbridge_library) by extensions ['ros']
[0.152s] Level 1:colcon.colcon_core.package_identification:_identify(rosbridge_suite/rosbridge_library) by extension 'ros'
[0.153s] DEBUG:colcon.colcon_core.package_identification:Package 'rosbridge_suite/rosbridge_library' with type 'ros.ament_cmake' and name 'rosbridge_library'
[0.153s] Level 1:colcon.colcon_core.package_identification:_identify(rosbridge_suite/rosbridge_msgs) by extensions ['ignore', 'ignore_ament_install']
[0.153s] Level 1:colcon.colcon_core.package_identification:_identify(rosbridge_suite/rosbridge_msgs) by extension 'ignore'
[0.153s] Level 1:colcon.colcon_core.package_identification:_identify(rosbridge_suite/rosbridge_msgs) by extension 'ignore_ament_install'
[0.153s] Level 1:colcon.colcon_core.package_identification:_identify(rosbridge_suite/rosbridge_msgs) by extensions ['colcon_pkg']
[0.153s] Level 1:colcon.colcon_core.package_identification:_identify(rosbridge_suite/rosbridge_msgs) by extension 'colcon_pkg'
[0.153s] Level 1:colcon.colcon_core.package_identification:_identify(rosbridge_suite/rosbridge_msgs) by extensions ['colcon_meta']
[0.153s] Level 1:colcon.colcon_core.package_identification:_identify(rosbridge_suite/rosbridge_msgs) by extension 'colcon_meta'
[0.153s] Level 1:colcon.colcon_core.package_identification:_identify(rosbridge_suite/rosbridge_msgs) by extensions ['ros']
[0.153s] Level 1:colcon.colcon_core.package_identification:_identify(rosbridge_suite/rosbridge_msgs) by extension 'ros'
[0.153s] DEBUG:colcon.colcon_core.package_identification:Package 'rosbridge_suite/rosbridge_msgs' with type 'ros.ament_cmake' and name 'rosbridge_msgs'
[0.153s] Level 1:colcon.colcon_core.package_identification:_identify(rosbridge_suite/rosbridge_server) by extensions ['ignore', 'ignore_ament_install']
[0.153s] Level 1:colcon.colcon_core.package_identification:_identify(rosbridge_suite/rosbridge_server) by extension 'ignore'
[0.153s] Level 1:colcon.colcon_core.package_identification:_identify(rosbridge_suite/rosbridge_server) by extension 'ignore_ament_install'
[0.153s] Level 1:colcon.colcon_core.package_identification:_identify(rosbridge_suite/rosbridge_server) by extensions ['colcon_pkg']
[0.153s] Level 1:colcon.colcon_core.package_identification:_identify(rosbridge_suite/rosbridge_server) by extension 'colcon_pkg'
[0.153s] Level 1:colcon.colcon_core.package_identification:_identify(rosbridge_suite/rosbridge_server) by extensions ['colcon_meta']
[0.153s] Level 1:colcon.colcon_core.package_identification:_identify(rosbridge_suite/rosbridge_server) by extension 'colcon_meta'
[0.153s] Level 1:colcon.colcon_core.package_identification:_identify(rosbridge_suite/rosbridge_server) by extensions ['ros']
[0.153s] Level 1:colcon.colcon_core.package_identification:_identify(rosbridge_suite/rosbridge_server) by extension 'ros'
[0.158s] DEBUG:colcon.colcon_core.package_identification:Package 'rosbridge_suite/rosbridge_server' with type 'ros.ament_cmake' and name 'rosbridge_server'
[0.159s] Level 1:colcon.colcon_core.package_identification:_identify(rosbridge_suite/rosbridge_suite) by extensions ['ignore', 'ignore_ament_install']
[0.159s] Level 1:colcon.colcon_core.package_identification:_identify(rosbridge_suite/rosbridge_suite) by extension 'ignore'
[0.159s] Level 1:colcon.colcon_core.package_identification:_identify(rosbridge_suite/rosbridge_suite) by extension 'ignore_ament_install'
[0.159s] Level 1:colcon.colcon_core.package_identification:_identify(rosbridge_suite/rosbridge_suite) by extensions ['colcon_pkg']
[0.159s] Level 1:colcon.colcon_core.package_identification:_identify(rosbridge_suite/rosbridge_suite) by extension 'colcon_pkg'
[0.159s] Level 1:colcon.colcon_core.package_identification:_identify(rosbridge_suite/rosbridge_suite) by extensions ['colcon_meta']
[0.159s] Level 1:colcon.colcon_core.package_identification:_identify(rosbridge_suite/rosbridge_suite) by extension 'colcon_meta'
[0.159s] Level 1:colcon.colcon_core.package_identification:_identify(rosbridge_suite/rosbridge_suite) by extensions ['ros']
[0.159s] Level 1:colcon.colcon_core.package_identification:_identify(rosbridge_suite/rosbridge_suite) by extension 'ros'
[0.159s] DEBUG:colcon.colcon_core.package_identification:Package 'rosbridge_suite/rosbridge_suite' with type 'ros.ament_cmake' and name 'rosbridge_suite'
[0.159s] Level 1:colcon.colcon_core.package_identification:_identify(rosbridge_suite/rosbridge_test_msgs) by extensions ['ignore', 'ignore_ament_install']
[0.159s] Level 1:colcon.colcon_core.package_identification:_identify(rosbridge_suite/rosbridge_test_msgs) by extension 'ignore'
[0.159s] Level 1:colcon.colcon_core.package_identification:_identify(rosbridge_suite/rosbridge_test_msgs) by extension 'ignore_ament_install'
[0.159s] Level 1:colcon.colcon_core.package_identification:_identify(rosbridge_suite/rosbridge_test_msgs) by extensions ['colcon_pkg']
[0.159s] Level 1:colcon.colcon_core.package_identification:_identify(rosbridge_suite/rosbridge_test_msgs) by extension 'colcon_pkg'
[0.159s] Level 1:colcon.colcon_core.package_identification:_identify(rosbridge_suite/rosbridge_test_msgs) by extensions ['colcon_meta']
[0.159s] Level 1:colcon.colcon_core.package_identification:_identify(rosbridge_suite/rosbridge_test_msgs) by extension 'colcon_meta'
[0.159s] Level 1:colcon.colcon_core.package_identification:_identify(rosbridge_suite/rosbridge_test_msgs) by extensions ['ros']
[0.159s] Level 1:colcon.colcon_core.package_identification:_identify(rosbridge_suite/rosbridge_test_msgs) by extension 'ros'
[0.160s] DEBUG:colcon.colcon_core.package_identification:Package 'rosbridge_suite/rosbridge_test_msgs' with type 'ros.ament_cmake' and name 'rosbridge_test_msgs'
[0.160s] Level 1:colcon.colcon_core.package_identification:_identify(ucb_interface) by extensions ['ignore', 'ignore_ament_install']
[0.160s] Level 1:colcon.colcon_core.package_identification:_identify(ucb_interface) by extension 'ignore'
[0.160s] Level 1:colcon.colcon_core.package_identification:_identify(ucb_interface) by extension 'ignore_ament_install'
[0.160s] Level 1:colcon.colcon_core.package_identification:_identify(ucb_interface) by extensions ['colcon_pkg']
[0.160s] Level 1:colcon.colcon_core.package_identification:_identify(ucb_interface) by extension 'colcon_pkg'
[0.160s] Level 1:colcon.colcon_core.package_identification:_identify(ucb_interface) by extensions ['colcon_meta']
[0.160s] Level 1:colcon.colcon_core.package_identification:_identify(ucb_interface) by extension 'colcon_meta'
[0.160s] Level 1:colcon.colcon_core.package_identification:_identify(ucb_interface) by extensions ['ros']
[0.160s] Level 1:colcon.colcon_core.package_identification:_identify(ucb_interface) by extension 'ros'
[0.160s] DEBUG:colcon.colcon_core.package_identification:Package 'ucb_interface' with type 'ros.ament_cmake' and name 'ucb_interface'
[0.160s] Level 1:colcon.colcon_core.package_discovery:discover_packages(recursive) using defaults
[0.160s] Level 1:colcon.colcon_core.package_discovery:discover_packages(ignore) discover
[0.160s] Level 1:colcon.colcon_core.package_discovery:discover_packages(ignore) using defaults
[0.160s] Level 1:colcon.colcon_core.package_discovery:discover_packages(path) discover
[0.160s] Level 1:colcon.colcon_core.package_discovery:discover_packages(path) using defaults
[0.172s] Level 1:colcon.colcon_core.package_discovery:discover_packages(prefix_path) check parameters
[0.172s] Level 1:colcon.colcon_core.package_discovery:discover_packages(prefix_path) discover
[0.173s] DEBUG:colcon.colcon_installed_package_information.package_discovery:Found 7 installed packages in /home/leyla/Desktop/ver_ws/install
[0.173s] DEBUG:colcon.colcon_installed_package_information.package_discovery:Found 2 installed packages in /home/leyla/Documents/ejercicio2_ws/install
[0.173s] DEBUG:colcon.colcon_installed_package_information.package_discovery:Found 3 installed packages in /home/leyla/Desktop/newvis_ws/install
[0.174s] DEBUG:colcon.colcon_installed_package_information.package_discovery:Found 12 installed packages in /home/leyla/turtlebot3_ws/install
[0.175s] DEBUG:colcon.colcon_installed_package_information.package_discovery:Found 433 installed packages in /opt/ros/humble
[0.176s] Level 1:colcon.colcon_core.package_discovery:discover_packages(prefix_path) using defaults
[0.199s] Level 5:colcon.colcon_core.verb:set package 'rosapi_msgs' build argument 'cmake_args' from command line to 'None'
[0.199s] Level 5:colcon.colcon_core.verb:set package 'rosapi_msgs' build argument 'cmake_target' from command line to 'None'
[0.199s] Level 5:colcon.colcon_core.verb:set package 'rosapi_msgs' build argument 'cmake_target_skip_unavailable' from command line to 'False'
[0.199s] Level 5:colcon.colcon_core.verb:set package 'rosapi_msgs' build argument 'cmake_clean_cache' from command line to 'False'
[0.199s] Level 5:colcon.colcon_core.verb:set package 'rosapi_msgs' build argument 'cmake_clean_first' from command line to 'False'
[0.199s] Level 5:colcon.colcon_core.verb:set package 'rosapi_msgs' build argument 'cmake_force_configure' from command line to 'False'
[0.199s] Level 5:colcon.colcon_core.verb:set package 'rosapi_msgs' build argument 'ament_cmake_args' from command line to 'None'
[0.199s] Level 5:colcon.colcon_core.verb:set package 'rosapi_msgs' build argument 'catkin_cmake_args' from command line to 'None'
[0.199s] Level 5:colcon.colcon_core.verb:set package 'rosapi_msgs' build argument 'catkin_skip_building_tests' from command line to 'False'
[0.199s] DEBUG:colcon.colcon_core.verb:Building package 'rosapi_msgs' with the following arguments: {'ament_cmake_args': None, 'build_base': '/home/leyla/Desktop/nexus_ws/src/build/rosapi_msgs', 'catkin_cmake_args': None, 'catkin_skip_building_tests': False, 'cmake_args': None, 'cmake_clean_cache': False, 'cmake_clean_first': False, 'cmake_force_configure': False, 'cmake_target': None, 'cmake_target_skip_unavailable': False, 'install_base': '/home/leyla/Desktop/nexus_ws/src/install/rosapi_msgs', 'merge_install': False, 'path': '/home/leyla/Desktop/nexus_ws/src/rosbridge_suite/rosapi_msgs', 'symlink_install': False, 'test_result_base': None}
[0.200s] Level 5:colcon.colcon_core.verb:set package 'rosbridge_msgs' build argument 'cmake_args' from command line to 'None'
[0.200s] Level 5:colcon.colcon_core.verb:set package 'rosbridge_msgs' build argument 'cmake_target' from command line to 'None'
[0.200s] Level 5:colcon.colcon_core.verb:set package 'rosbridge_msgs' build argument 'cmake_target_skip_unavailable' from command line to 'False'
[0.200s] Level 5:colcon.colcon_core.verb:set package 'rosbridge_msgs' build argument 'cmake_clean_cache' from command line to 'False'
[0.200s] Level 5:colcon.colcon_core.verb:set package 'rosbridge_msgs' build argument 'cmake_clean_first' from command line to 'False'
[0.200s] Level 5:colcon.colcon_core.verb:set package 'rosbridge_msgs' build argument 'cmake_force_configure' from command line to 'False'
[0.200s] Level 5:colcon.colcon_core.verb:set package 'rosbridge_msgs' build argument 'ament_cmake_args' from command line to 'None'
[0.200s] Level 5:colcon.colcon_core.verb:set package 'rosbridge_msgs' build argument 'catkin_cmake_args' from command line to 'None'
[0.200s] Level 5:colcon.colcon_core.verb:set package 'rosbridge_msgs' build argument 'catkin_skip_building_tests' from command line to 'False'
[0.200s] DEBUG:colcon.colcon_core.verb:Building package 'rosbridge_msgs' with the following arguments: {'ament_cmake_args': None, 'build_base': '/home/leyla/Desktop/nexus_ws/src/build/rosbridge_msgs', 'catkin_cmake_args': None, 'catkin_skip_building_tests': False, 'cmake_args': None, 'cmake_clean_cache': False, 'cmake_clean_first': False, 'cmake_force_configure': False, 'cmake_target': None, 'cmake_target_skip_unavailable': False, 'install_base': '/home/leyla/Desktop/nexus_ws/src/install/rosbridge_msgs', 'merge_install': False, 'path': '/home/leyla/Desktop/nexus_ws/src/rosbridge_suite/rosbridge_msgs', 'symlink_install': False, 'test_result_base': None}
[0.200s] Level 5:colcon.colcon_core.verb:set package 'rosbridge_test_msgs' build argument 'cmake_args' from command line to 'None'
[0.200s] Level 5:colcon.colcon_core.verb:set package 'rosbridge_test_msgs' build argument 'cmake_target' from command line to 'None'
[0.200s] Level 5:colcon.colcon_core.verb:set package 'rosbridge_test_msgs' build argument 'cmake_target_skip_unavailable' from command line to 'False'
[0.200s] Level 5:colcon.colcon_core.verb:set package 'rosbridge_test_msgs' build argument 'cmake_clean_cache' from command line to 'False'
[0.200s] Level 5:colcon.colcon_core.verb:set package 'rosbridge_test_msgs' build argument 'cmake_clean_first' from command line to 'False'
[0.200s] Level 5:colcon.colcon_core.verb:set package 'rosbridge_test_msgs' build argument 'cmake_force_configure' from command line to 'False'
[0.200s] Level 5:colcon.colcon_core.verb:set package 'rosbridge_test_msgs' build argument 'ament_cmake_args' from command line to 'None'
[0.200s] Level 5:colcon.colcon_core.verb:set package 'rosbridge_test_msgs' build argument 'catkin_cmake_args' from command line to 'None'
[0.200s] Level 5:colcon.colcon_core.verb:set package 'rosbridge_test_msgs' build argument 'catkin_skip_building_tests' from command line to 'False'
[0.200s] DEBUG:colcon.colcon_core.verb:Building package 'rosbridge_test_msgs' with the following arguments: {'ament_cmake_args': None, 'build_base': '/home/leyla/Desktop/nexus_ws/src/build/rosbridge_test_msgs', 'catkin_cmake_args': None, 'catkin_skip_building_tests': False, 'cmake_args': None, 'cmake_clean_cache': False, 'cmake_clean_first': False, 'cmake_force_configure': False, 'cmake_target': None, 'cmake_target_skip_unavailable': False, 'install_base': '/home/leyla/Desktop/nexus_ws/src/install/rosbridge_test_msgs', 'merge_install': False, 'path': '/home/leyla/Desktop/nexus_ws/src/rosbridge_suite/rosbridge_test_msgs', 'symlink_install': False, 'test_result_base': None}
[0.200s] Level 5:colcon.colcon_core.verb:set package 'ucb_interface' build argument 'cmake_args' from command line to 'None'
[0.200s] Level 5:colcon.colcon_core.verb:set package 'ucb_interface' build argument 'cmake_target' from command line to 'None'
[0.200s] Level 5:colcon.colcon_core.verb:set package 'ucb_interface' build argument 'cmake_target_skip_unavailable' from command line to 'False'
[0.200s] Level 5:colcon.colcon_core.verb:set package 'ucb_interface' build argument 'cmake_clean_cache' from command line to 'False'
[0.200s] Level 5:colcon.colcon_core.verb:set package 'ucb_interface' build argument 'cmake_clean_first' from command line to 'False'
[0.200s] Level 5:colcon.colcon_core.verb:set package 'ucb_interface' build argument 'cmake_force_configure' from command line to 'False'
[0.200s] Level 5:colcon.colcon_core.verb:set package 'ucb_interface' build argument 'ament_cmake_args' from command line to 'None'
[0.200s] Level 5:colcon.colcon_core.verb:set package 'ucb_interface' build argument 'catkin_cmake_args' from command line to 'None'
[0.200s] Level 5:colcon.colcon_core.verb:set package 'ucb_interface' build argument 'catkin_skip_building_tests' from command line to 'False'
[0.200s] DEBUG:colcon.colcon_core.verb:Building package 'ucb_interface' with the following arguments: {'ament_cmake_args': None, 'build_base': '/home/leyla/Desktop/nexus_ws/src/build/ucb_interface', 'catkin_cmake_args': None, 'catkin_skip_building_tests': False, 'cmake_args': None, 'cmake_clean_cache': False, 'cmake_clean_first': False, 'cmake_force_configure': False, 'cmake_target': None, 'cmake_target_skip_unavailable': False, 'install_base': '/home/leyla/Desktop/nexus_ws/src/install/ucb_interface', 'merge_install': False, 'path': '/home/leyla/Desktop/nexus_ws/src/ucb_interface', 'symlink_install': False, 'test_result_base': None}
[0.200s] Level 5:colcon.colcon_core.verb:set package 'code_py' build argument 'cmake_args' from command line to 'None'
[0.200s] Level 5:colcon.colcon_core.verb:set package 'code_py' build argument 'cmake_target' from command line to 'None'
[0.200s] Level 5:colcon.colcon_core.verb:set package 'code_py' build argument 'cmake_target_skip_unavailable' from command line to 'False'
[0.200s] Level 5:colcon.colcon_core.verb:set package 'code_py' build argument 'cmake_clean_cache' from command line to 'False'
[0.200s] Level 5:colcon.colcon_core.verb:set package 'code_py' build argument 'cmake_clean_first' from command line to 'False'
[0.200s] Level 5:colcon.colcon_core.verb:set package 'code_py' build argument 'cmake_force_configure' from command line to 'False'
[0.200s] Level 5:colcon.colcon_core.verb:set package 'code_py' build argument 'ament_cmake_args' from command line to 'None'
[0.200s] Level 5:colcon.colcon_core.verb:set package 'code_py' build argument 'catkin_cmake_args' from command line to 'None'
[0.200s] Level 5:colcon.colcon_core.verb:set package 'code_py' build argument 'catkin_skip_building_tests' from command line to 'False'
[0.200s] DEBUG:colcon.colcon_core.verb:Building package 'code_py' with the following arguments: {'ament_cmake_args': None, 'build_base': '/home/leyla/Desktop/nexus_ws/src/build/code_py', 'catkin_cmake_args': None, 'catkin_skip_building_tests': False, 'cmake_args': None, 'cmake_clean_cache': False, 'cmake_clean_first': False, 'cmake_force_configure': False, 'cmake_target': None, 'cmake_target_skip_unavailable': False, 'install_base': '/home/leyla/Desktop/nexus_ws/src/install/code_py', 'merge_install': False, 'path': '/home/leyla/Desktop/nexus_ws/src/code_py', 'symlink_install': False, 'test_result_base': None}
[0.201s] Level 5:colcon.colcon_core.verb:set package 'rosbridge_library' build argument 'cmake_args' from command line to 'None'
[0.201s] Level 5:colcon.colcon_core.verb:set package 'rosbridge_library' build argument 'cmake_target' from command line to 'None'
[0.201s] Level 5:colcon.colcon_core.verb:set package 'rosbridge_library' build argument 'cmake_target_skip_unavailable' from command line to 'False'
[0.201s] Level 5:colcon.colcon_core.verb:set package 'rosbridge_library' build argument 'cmake_clean_cache' from command line to 'False'
[0.201s] Level 5:colcon.colcon_core.verb:set package 'rosbridge_library' build argument 'cmake_clean_first' from command line to 'False'
[0.201s] Level 5:colcon.colcon_core.verb:set package 'rosbridge_library' build argument 'cmake_force_configure' from command line to 'False'
[0.201s] Level 5:colcon.colcon_core.verb:set package 'rosbridge_library' build argument 'ament_cmake_args' from command line to 'None'
[0.201s] Level 5:colcon.colcon_core.verb:set package 'rosbridge_library' build argument 'catkin_cmake_args' from command line to 'None'
[0.201s] Level 5:colcon.colcon_core.verb:set package 'rosbridge_library' build argument 'catkin_skip_building_tests' from command line to 'False'
[0.201s] DEBUG:colcon.colcon_core.verb:Building package 'rosbridge_library' with the following arguments: {'ament_cmake_args': None, 'build_base': '/home/leyla/Desktop/nexus_ws/src/build/rosbridge_library', 'catkin_cmake_args': None, 'catkin_skip_building_tests': False, 'cmake_args': None, 'cmake_clean_cache': False, 'cmake_clean_first': False, 'cmake_force_configure': False, 'cmake_target': None, 'cmake_target_skip_unavailable': False, 'install_base': '/home/leyla/Desktop/nexus_ws/src/install/rosbridge_library', 'merge_install': False, 'path': '/home/leyla/Desktop/nexus_ws/src/rosbridge_suite/rosbridge_library', 'symlink_install': False, 'test_result_base': None}
[0.201s] Level 5:colcon.colcon_core.verb:set package 'rosapi' build argument 'cmake_args' from command line to 'None'
[0.201s] Level 5:colcon.colcon_core.verb:set package 'rosapi' build argument 'cmake_target' from command line to 'None'
[0.201s] Level 5:colcon.colcon_core.verb:set package 'rosapi' build argument 'cmake_target_skip_unavailable' from command line to 'False'
[0.201s] Level 5:colcon.colcon_core.verb:set package 'rosapi' build argument 'cmake_clean_cache' from command line to 'False'
[0.201s] Level 5:colcon.colcon_core.verb:set package 'rosapi' build argument 'cmake_clean_first' from command line to 'False'
[0.201s] Level 5:colcon.colcon_core.verb:set package 'rosapi' build argument 'cmake_force_configure' from command line to 'False'
[0.201s] Level 5:colcon.colcon_core.verb:set package 'rosapi' build argument 'ament_cmake_args' from command line to 'None'
[0.201s] Level 5:colcon.colcon_core.verb:set package 'rosapi' build argument 'catkin_cmake_args' from command line to 'None'
[0.201s] Level 5:colcon.colcon_core.verb:set package 'rosapi' build argument 'catkin_skip_building_tests' from command line to 'False'
[0.201s] DEBUG:colcon.colcon_core.verb:Building package 'rosapi' with the following arguments: {'ament_cmake_args': None, 'build_base': '/home/leyla/Desktop/nexus_ws/src/build/rosapi', 'catkin_cmake_args': None, 'catkin_skip_building_tests': False, 'cmake_args': None, 'cmake_clean_cache': False, 'cmake_clean_first': False, 'cmake_force_configure': False, 'cmake_target': None, 'cmake_target_skip_unavailable': False, 'install_base': '/home/leyla/Desktop/nexus_ws/src/install/rosapi', 'merge_install': False, 'path': '/home/leyla/Desktop/nexus_ws/src/rosbridge_suite/rosapi', 'symlink_install': False, 'test_result_base': None}
[0.201s] Level 5:colcon.colcon_core.verb:set package 'rosbridge_server' build argument 'cmake_args' from command line to 'None'
[0.201s] Level 5:colcon.colcon_core.verb:set package 'rosbridge_server' build argument 'cmake_target' from command line to 'None'
[0.201s] Level 5:colcon.colcon_core.verb:set package 'rosbridge_server' build argument 'cmake_target_skip_unavailable' from command line to 'False'
[0.201s] Level 5:colcon.colcon_core.verb:set package 'rosbridge_server' build argument 'cmake_clean_cache' from command line to 'False'
[0.201s] Level 5:colcon.colcon_core.verb:set package 'rosbridge_server' build argument 'cmake_clean_first' from command line to 'False'
[0.201s] Level 5:colcon.colcon_core.verb:set package 'rosbridge_server' build argument 'cmake_force_configure' from command line to 'False'
[0.201s] Level 5:colcon.colcon_core.verb:set package 'rosbridge_server' build argument 'ament_cmake_args' from command line to 'None'
[0.201s] Level 5:colcon.colcon_core.verb:set package 'rosbridge_server' build argument 'catkin_cmake_args' from command line to 'None'
[0.201s] Level 5:colcon.colcon_core.verb:set package 'rosbridge_server' build argument 'catkin_skip_building_tests' from command line to 'False'
[0.201s] DEBUG:colcon.colcon_core.verb:Building package 'rosbridge_server' with the following arguments: {'ament_cmake_args': None, 'build_base': '/home/leyla/Desktop/nexus_ws/src/build/rosbridge_server', 'catkin_cmake_args': None, 'catkin_skip_building_tests': False, 'cmake_args': None, 'cmake_clean_cache': False, 'cmake_clean_first': False, 'cmake_force_configure': False, 'cmake_target': None, 'cmake_target_skip_unavailable': False, 'install_base': '/home/leyla/Desktop/nexus_ws/src/install/rosbridge_server', 'merge_install': False, 'path': '/home/leyla/Desktop/nexus_ws/src/rosbridge_suite/rosbridge_server', 'symlink_install': False, 'test_result_base': None}
[0.201s] Level 5:colcon.colcon_core.verb:set package 'rosbridge_suite' build argument 'cmake_args' from command line to 'None'
[0.201s] Level 5:colcon.colcon_core.verb:set package 'rosbridge_suite' build argument 'cmake_target' from command line to 'None'
[0.201s] Level 5:colcon.colcon_core.verb:set package 'rosbridge_suite' build argument 'cmake_target_skip_unavailable' from command line to 'False'
[0.201s] Level 5:colcon.colcon_core.verb:set package 'rosbridge_suite' build argument 'cmake_clean_cache' from command line to 'False'
[0.201s] Level 5:colcon.colcon_core.verb:set package 'rosbridge_suite' build argument 'cmake_clean_first' from command line to 'False'
[0.201s] Level 5:colcon.colcon_core.verb:set package 'rosbridge_suite' build argument 'cmake_force_configure' from command line to 'False'
[0.201s] Level 5:colcon.colcon_core.verb:set package 'rosbridge_suite' build argument 'ament_cmake_args' from command line to 'None'
[0.201s] Level 5:colcon.colcon_core.verb:set package 'rosbridge_suite' build argument 'catkin_cmake_args' from command line to 'None'
[0.201s] Level 5:colcon.colcon_core.verb:set package 'rosbridge_suite' build argument 'catkin_skip_building_tests' from command line to 'False'
[0.201s] DEBUG:colcon.colcon_core.verb:Building package 'rosbridge_suite' with the following arguments: {'ament_cmake_args': None, 'build_base': '/home/leyla/Desktop/nexus_ws/src/build/rosbridge_suite', 'catkin_cmake_args': None, 'catkin_skip_building_tests': False, 'cmake_args': None, 'cmake_clean_cache': False, 'cmake_clean_first': False, 'cmake_force_configure': False, 'cmake_target': None, 'cmake_target_skip_unavailable': False, 'install_base': '/home/leyla/Desktop/nexus_ws/src/install/rosbridge_suite', 'merge_install': False, 'path': '/home/leyla/Desktop/nexus_ws/src/rosbridge_suite/rosbridge_suite', 'symlink_install': False, 'test_result_base': None}
[0.201s] INFO:colcon.colcon_core.executor:Executing jobs using 'parallel' executor
[0.202s] DEBUG:colcon.colcon_parallel_executor.executor.parallel:run_until_complete
[0.202s] INFO:colcon.colcon_ros.task.ament_cmake.build:Building ROS package in '/home/leyla/Desktop/nexus_ws/src/rosbridge_suite/rosbridge_test_msgs' with build type 'ament_cmake'
[0.202s] INFO:colcon.colcon_cmake.task.cmake.build:Building CMake package in '/home/leyla/Desktop/nexus_ws/src/rosbridge_suite/rosbridge_test_msgs'
[0.204s] INFO:colcon.colcon_core.plugin_system:Skipping extension 'colcon_core.shell.bat': Not used on non-Windows systems
[0.204s] INFO:colcon.colcon_core.shell:Skip shell extension 'powershell' for command environment: Not usable outside of PowerShell
[0.204s] DEBUG:colcon.colcon_core.shell:Skip shell extension 'dsv' for command environment
[0.207s] INFO:colcon.colcon_ros.task.ament_cmake.build:Building ROS package in '/home/leyla/Desktop/nexus_ws/src/rosbridge_suite/rosapi_msgs' with build type 'ament_cmake'
[0.207s] INFO:colcon.colcon_cmake.task.cmake.build:Building CMake package in '/home/leyla/Desktop/nexus_ws/src/rosbridge_suite/rosapi_msgs'
[0.207s] INFO:colcon.colcon_core.shell:Skip shell extension 'powershell' for command environment: Not usable outside of PowerShell
[0.207s] DEBUG:colcon.colcon_core.shell:Skip shell extension 'dsv' for command environment
[0.209s] INFO:colcon.colcon_ros.task.ament_cmake.build:Building ROS package in '/home/leyla/Desktop/nexus_ws/src/rosbridge_suite/rosbridge_msgs' with build type 'ament_cmake'
[0.209s] INFO:colcon.colcon_cmake.task.cmake.build:Building CMake package in '/home/leyla/Desktop/nexus_ws/src/rosbridge_suite/rosbridge_msgs'
[0.209s] INFO:colcon.colcon_core.shell:Skip shell extension 'powershell' for command environment: Not usable outside of PowerShell
[0.210s] DEBUG:colcon.colcon_core.shell:Skip shell extension 'dsv' for command environment
[0.212s] INFO:colcon.colcon_ros.task.ament_cmake.build:Building ROS package in '/home/leyla/Desktop/nexus_ws/src/ucb_interface' with build type 'ament_cmake'
[0.212s] INFO:colcon.colcon_cmake.task.cmake.build:Building CMake package in '/home/leyla/Desktop/nexus_ws/src/ucb_interface'
[0.212s] INFO:colcon.colcon_core.shell:Skip shell extension 'powershell' for command environment: Not usable outside of PowerShell
[0.212s] DEBUG:colcon.colcon_core.shell:Skip shell extension 'dsv' for command environment
[0.217s] DEBUG:colcon.colcon_core.event_handler.log_command:Invoking command in '/home/leyla/Desktop/nexus_ws/src/build/rosbridge_test_msgs': CMAKE_PREFIX_PATH=${CMAKE_PREFIX_PATH}:/home/leyla/Desktop/ver_ws/install/stage_ros2:/home/leyla/Desktop/ver_ws/install/robot_nav:/home/leyla/Desktop/ver_ws/install/navigation_tb3:/home/leyla/Desktop/ver_ws/install/cartographer_rviz:/home/leyla/Desktop/ver_ws/install/cartographer_ros:/home/leyla/Desktop/ver_ws/install/cartographer_ros_msgs:/home/leyla/Desktop/newvis_ws/install/panda_movet:/home/leyla/turtlebot3_ws/install/turtlebot3_teleop:/home/leyla/turtlebot3_ws/install/turtlebot3_example:/opt/ros/humble /usr/bin/cmake /home/leyla/Desktop/nexus_ws/src/rosbridge_suite/rosbridge_test_msgs -DCMAKE_INSTALL_PREFIX=/home/leyla/Desktop/nexus_ws/src/install/rosbridge_test_msgs
[0.219s] DEBUG:colcon.colcon_core.event_handler.log_command:Invoking command in '/home/leyla/Desktop/nexus_ws/src/build/rosapi_msgs': CMAKE_PREFIX_PATH=${CMAKE_PREFIX_PATH}:/home/leyla/Desktop/ver_ws/install/stage_ros2:/home/leyla/Desktop/ver_ws/install/robot_nav:/home/leyla/Desktop/ver_ws/install/navigation_tb3:/home/leyla/Desktop/ver_ws/install/cartographer_rviz:/home/leyla/Desktop/ver_ws/install/cartographer_ros:/home/leyla/Desktop/ver_ws/install/cartographer_ros_msgs:/home/leyla/Desktop/newvis_ws/install/panda_movet:/home/leyla/turtlebot3_ws/install/turtlebot3_teleop:/home/leyla/turtlebot3_ws/install/turtlebot3_example:/opt/ros/humble /usr/bin/cmake /home/leyla/Desktop/nexus_ws/src/rosbridge_suite/rosapi_msgs -DCMAKE_INSTALL_PREFIX=/home/leyla/Desktop/nexus_ws/src/install/rosapi_msgs
[0.220s] DEBUG:colcon.colcon_core.event_handler.log_command:Invoking command in '/home/leyla/Desktop/nexus_ws/src/build/rosbridge_msgs': CMAKE_PREFIX_PATH=${CMAKE_PREFIX_PATH}:/home/leyla/Desktop/ver_ws/install/stage_ros2:/home/leyla/Desktop/ver_ws/install/robot_nav:/home/leyla/Desktop/ver_ws/install/navigation_tb3:/home/leyla/Desktop/ver_ws/install/cartographer_rviz:/home/leyla/Desktop/ver_ws/install/cartographer_ros:/home/leyla/Desktop/ver_ws/install/cartographer_ros_msgs:/home/leyla/Desktop/newvis_ws/install/panda_movet:/home/leyla/turtlebot3_ws/install/turtlebot3_teleop:/home/leyla/turtlebot3_ws/install/turtlebot3_example:/opt/ros/humble /usr/bin/cmake /home/leyla/Desktop/nexus_ws/src/rosbridge_suite/rosbridge_msgs -DCMAKE_INSTALL_PREFIX=/home/leyla/Desktop/nexus_ws/src/install/rosbridge_msgs
[0.223s] DEBUG:colcon.colcon_core.event_handler.log_command:Invoking command in '/home/leyla/Desktop/nexus_ws/src/build/ucb_interface': CMAKE_PREFIX_PATH=${CMAKE_PREFIX_PATH}:/home/leyla/Desktop/ver_ws/install/stage_ros2:/home/leyla/Desktop/ver_ws/install/robot_nav:/home/leyla/Desktop/ver_ws/install/navigation_tb3:/home/leyla/Desktop/ver_ws/install/cartographer_rviz:/home/leyla/Desktop/ver_ws/install/cartographer_ros:/home/leyla/Desktop/ver_ws/install/cartographer_ros_msgs:/home/leyla/Desktop/newvis_ws/install/panda_movet:/home/leyla/turtlebot3_ws/install/turtlebot3_teleop:/home/leyla/turtlebot3_ws/install/turtlebot3_example:/opt/ros/humble /usr/bin/cmake /home/leyla/Desktop/nexus_ws/src/ucb_interface -DCMAKE_INSTALL_PREFIX=/home/leyla/Desktop/nexus_ws/src/install/ucb_interface
[0.781s] DEBUG:colcon.colcon_core.event_handler.log_command:Invoked command in '/home/leyla/Desktop/nexus_ws/src/build/ucb_interface' returned '1': CMAKE_PREFIX_PATH=${CMAKE_PREFIX_PATH}:/home/leyla/Desktop/ver_ws/install/stage_ros2:/home/leyla/Desktop/ver_ws/install/robot_nav:/home/leyla/Desktop/ver_ws/install/navigation_tb3:/home/leyla/Desktop/ver_ws/install/cartographer_rviz:/home/leyla/Desktop/ver_ws/install/cartographer_ros:/home/leyla/Desktop/ver_ws/install/cartographer_ros_msgs:/home/leyla/Desktop/newvis_ws/install/panda_movet:/home/leyla/turtlebot3_ws/install/turtlebot3_teleop:/home/leyla/turtlebot3_ws/install/turtlebot3_example:/opt/ros/humble /usr/bin/cmake /home/leyla/Desktop/nexus_ws/src/ucb_interface -DCMAKE_INSTALL_PREFIX=/home/leyla/Desktop/nexus_ws/src/install/ucb_interface
[0.789s] Level 1:colcon.colcon_core.environment:create_environment_scripts_only(ucb_interface)
[0.790s] Level 1:colcon.colcon_core.environment:checking '/home/leyla/Desktop/nexus_ws/src/install/ucb_interface' for CMake module files
[0.790s] Level 1:colcon.colcon_core.environment:checking '/home/leyla/Desktop/nexus_ws/src/install/ucb_interface' for CMake config files
[0.791s] Level 1:colcon.colcon_core.environment:checking '/home/leyla/Desktop/nexus_ws/src/install/ucb_interface/bin'
[0.791s] Level 1:colcon.colcon_core.environment:checking '/home/leyla/Desktop/nexus_ws/src/install/ucb_interface/lib/pkgconfig/ucb_interface.pc'
[0.791s] Level 1:colcon.colcon_core.environment:checking '/home/leyla/Desktop/nexus_ws/src/install/ucb_interface/lib/python3.10/site-packages'
[0.791s] Level 1:colcon.colcon_core.environment:checking '/home/leyla/Desktop/nexus_ws/src/install/ucb_interface/bin'
[0.791s] INFO:colcon.colcon_core.shell:Creating package script '/home/leyla/Desktop/nexus_ws/src/install/ucb_interface/share/ucb_interface/package.ps1'
[0.791s] INFO:colcon.colcon_core.shell:Creating package descriptor '/home/leyla/Desktop/nexus_ws/src/install/ucb_interface/share/ucb_interface/package.dsv'
[0.792s] INFO:colcon.colcon_core.shell:Creating package script '/home/leyla/Desktop/nexus_ws/src/install/ucb_interface/share/ucb_interface/package.sh'
[0.792s] INFO:colcon.colcon_core.shell:Creating package script '/home/leyla/Desktop/nexus_ws/src/install/ucb_interface/share/ucb_interface/package.bash'
[0.792s] INFO:colcon.colcon_core.shell:Creating package script '/home/leyla/Desktop/nexus_ws/src/install/ucb_interface/share/ucb_interface/package.zsh'
[0.793s] Level 1:colcon.colcon_core.environment:create_file_with_runtime_dependencies(/home/leyla/Desktop/nexus_ws/src/install/ucb_interface/share/colcon-core/packages/ucb_interface)
[1.534s] DEBUG:colcon.colcon_parallel_executor.executor.parallel:closing loop
[1.534s] DEBUG:colcon.colcon_parallel_executor.executor.parallel:loop closed
[1.534s] DEBUG:colcon.colcon_parallel_executor.executor.parallel:run_until_complete finished with '1'
[1.534s] DEBUG:colcon.colcon_core.event_reactor:joining thread
[1.538s] INFO:colcon.colcon_core.plugin_system:Skipping extension 'colcon_notification.desktop_notification.terminal_notifier': Not used on non-Darwin systems
[1.538s] INFO:colcon.colcon_core.plugin_system:Skipping extension 'colcon_notification.desktop_notification.win32': Not used on non-Windows systems
[1.538s] INFO:colcon.colcon_notification.desktop_notification:Sending desktop notification using 'notify2'
[1.546s] DEBUG:colcon.colcon_core.event_reactor:joined thread
[1.546s] INFO:colcon.colcon_core.shell:Creating prefix script '/home/leyla/Desktop/nexus_ws/src/install/local_setup.ps1'
[1.547s] INFO:colcon.colcon_core.shell:Creating prefix util module '/home/leyla/Desktop/nexus_ws/src/install/_local_setup_util_ps1.py'
[1.548s] INFO:colcon.colcon_core.shell:Creating prefix chain script '/home/leyla/Desktop/nexus_ws/src/install/setup.ps1'
[1.549s] INFO:colcon.colcon_core.shell:Creating prefix script '/home/leyla/Desktop/nexus_ws/src/install/local_setup.sh'
[1.549s] INFO:colcon.colcon_core.shell:Creating prefix util module '/home/leyla/Desktop/nexus_ws/src/install/_local_setup_util_sh.py'
[1.549s] INFO:colcon.colcon_core.shell:Creating prefix chain script '/home/leyla/Desktop/nexus_ws/src/install/setup.sh'
[1.550s] INFO:colcon.colcon_core.shell:Creating prefix script '/home/leyla/Desktop/nexus_ws/src/install/local_setup.bash'
[1.550s] INFO:colcon.colcon_core.shell:Creating prefix chain script '/home/leyla/Desktop/nexus_ws/src/install/setup.bash'
[1.551s] INFO:colcon.colcon_core.shell:Creating prefix script '/home/leyla/Desktop/nexus_ws/src/install/local_setup.zsh'
[1.551s] INFO:colcon.colcon_core.shell:Creating prefix chain script '/home/leyla/Desktop/nexus_ws/src/install/setup.zsh'
